<?xml version="1.0" encoding="UTF-8"?>
<testsuite name="kr.ac.jejunu.UserDaoTest" tests="4" skipped="0" failures="0" errors="0" timestamp="2021-04-10T09:16:14"
           hostname="DESKTOP-3OV3DE1" time="1.159">
    <properties/>
    <testcase name="delete()" classname="kr.ac.jejunu.UserDaoTest" time="0.948"/>
    <testcase name="insert()" classname="kr.ac.jejunu.UserDaoTest" time="0.09"/>
    <testcase name="update()" classname="kr.ac.jejunu.UserDaoTest" time="0.094"/>
    <testcase name="get()" classname="kr.ac.jejunu.UserDaoTest" time="0.024"/>
    <system-out><![CDATA[]]></system-out>
    <system-err><![CDATA[]]></system-err>
</testsuite>
