<?xml version="1.0" encoding="UTF-8"?>
<testsuite name="kr.ac.jejunu.UserDaoTest" tests="4" skipped="0" failures="0" errors="0" timestamp="2021-04-02T09:15:32" hostname="DESKTOP-3OV3DE1" time="1.096">
  <properties/>
  <testcase name="delete()" classname="kr.ac.jejunu.UserDaoTest" time="0.84"/>
  <testcase name="insert()" classname="kr.ac.jejunu.UserDaoTest" time="0.089"/>
  <testcase name="update()" classname="kr.ac.jejunu.UserDaoTest" time="0.138"/>
  <testcase name="get()" classname="kr.ac.jejunu.UserDaoTest" time="0.023"/>
  <system-out><![CDATA[]]></system-out>
  <system-err><![CDATA[]]></system-err>
</testsuite>
